<?xml version="1.0" encoding="UTF-8"?>
<testsuite name="com.ey.test.integration.UserManagementIntegrationTest" tests="1" skipped="0" failures="0" errors="0" timestamp="2022-07-25T14:31:00" hostname="DESKTOP-19G9KKD" time="0.266">
  <properties/>
  <testcase name="signupValidUser()" classname="com.ey.test.integration.UserManagementIntegrationTest" time="0.266"/>
  <system-out><![CDATA[10:30:50.263 [Test worker] DEBUG org.springframework.test.context.BootstrapUtils - Instantiating CacheAwareContextLoaderDelegate from class [org.springframework.test.context.cache.DefaultCacheAwareContextLoaderDelegate]
10:30:50.282 [Test worker] DEBUG org.springframework.test.context.BootstrapUtils - Instantiating BootstrapContext using constructor [public org.springframework.test.context.support.DefaultBootstrapContext(java.lang.Class,org.springframework.test.context.CacheAwareContextLoaderDelegate)]
10:30:50.346 [Test worker] DEBUG org.springframework.test.context.BootstrapUtils - Instantiating TestContextBootstrapper for test class [com.ey.test.integration.UserManagementIntegrationTest] from class [org.springframework.boot.test.context.SpringBootTestContextBootstrapper]
10:30:50.369 [Test worker] INFO org.springframework.boot.test.context.SpringBootTestContextBootstrapper - Neither @ContextConfiguration nor @ContextHierarchy found for test class [com.ey.test.integration.UserManagementIntegrationTest], using SpringBootContextLoader
10:30:50.377 [Test worker] DEBUG org.springframework.test.context.support.AbstractContextLoader - Did not detect default resource location for test class [com.ey.test.integration.UserManagementIntegrationTest]: class path resource [com/ey/test/integration/UserManagementIntegrationTest-context.xml] does not exist
10:30:50.378 [Test worker] DEBUG org.springframework.test.context.support.AbstractContextLoader - Did not detect default resource location for test class [com.ey.test.integration.UserManagementIntegrationTest]: class path resource [com/ey/test/integration/UserManagementIntegrationTestContext.groovy] does not exist
10:30:50.378 [Test worker] INFO org.springframework.test.context.support.AbstractContextLoader - Could not detect default resource locations for test class [com.ey.test.integration.UserManagementIntegrationTest]: no resource found for suffixes {-context.xml, Context.groovy}.
10:30:50.379 [Test worker] INFO org.springframework.test.context.support.AnnotationConfigContextLoaderUtils - Could not detect default configuration classes for test class [com.ey.test.integration.UserManagementIntegrationTest]: UserManagementIntegrationTest does not declare any static, non-private, non-final, nested classes annotated with @Configuration.
10:30:50.468 [Test worker] DEBUG org.springframework.test.context.support.ActiveProfilesUtils - Could not find an 'annotation declaring class' for annotation type [org.springframework.test.context.ActiveProfiles] and class [com.ey.test.integration.UserManagementIntegrationTest]
10:30:50.569 [Test worker] DEBUG org.springframework.context.annotation.ClassPathScanningCandidateComponentProvider - Identified candidate component class: file [C:\Users\admin\OneDrive\Escritorio\Prueba EY & Global Logic para BCI\Prueba EY\build\classes\java\main\com\ey\test\UserManagementApplication.class]
10:30:50.570 [Test worker] INFO org.springframework.boot.test.context.SpringBootTestContextBootstrapper - Found @SpringBootConfiguration com.ey.test.UserManagementApplication for test class com.ey.test.integration.UserManagementIntegrationTest
10:30:50.848 [Test worker] DEBUG org.springframework.boot.test.context.SpringBootTestContextBootstrapper - @TestExecutionListeners is not present for class [com.ey.test.integration.UserManagementIntegrationTest]: using defaults.
10:30:50.849 [Test worker] INFO org.springframework.boot.test.context.SpringBootTestContextBootstrapper - Loaded default TestExecutionListener class names from location [META-INF/spring.factories]: [org.springframework.boot.test.autoconfigure.restdocs.RestDocsTestExecutionListener, org.springframework.boot.test.autoconfigure.web.client.MockRestServiceServerResetTestExecutionListener, org.springframework.boot.test.autoconfigure.web.servlet.MockMvcPrintOnlyOnFailureTestExecutionListener, org.springframework.boot.test.autoconfigure.web.servlet.WebDriverTestExecutionListener, org.springframework.boot.test.autoconfigure.webservices.client.MockWebServiceServerTestExecutionListener, org.springframework.boot.test.mock.mockito.MockitoTestExecutionListener, org.springframework.boot.test.mock.mockito.ResetMocksTestExecutionListener, org.springframework.test.context.web.ServletTestExecutionListener, org.springframework.test.context.support.DirtiesContextBeforeModesTestExecutionListener, org.springframework.test.context.event.ApplicationEventsTestExecutionListener, org.springframework.test.context.support.DependencyInjectionTestExecutionListener, org.springframework.test.context.support.DirtiesContextTestExecutionListener, org.springframework.test.context.transaction.TransactionalTestExecutionListener, org.springframework.test.context.jdbc.SqlScriptsTestExecutionListener, org.springframework.test.context.event.EventPublishingTestExecutionListener]
10:30:50.883 [Test worker] INFO org.springframework.boot.test.context.SpringBootTestContextBootstrapper - Using TestExecutionListeners: [org.springframework.test.context.web.ServletTestExecutionListener@7d64e326, org.springframework.test.context.support.DirtiesContextBeforeModesTestExecutionListener@13f95696, org.springframework.test.context.event.ApplicationEventsTestExecutionListener@cd1d761, org.springframework.boot.test.mock.mockito.MockitoTestExecutionListener@68be8808, org.springframework.boot.test.autoconfigure.SpringBootDependencyInjectionTestExecutionListener@32193bea, org.springframework.test.context.support.DirtiesContextTestExecutionListener@6b8d96d9, org.springframework.test.context.transaction.TransactionalTestExecutionListener@69653e16, org.springframework.test.context.jdbc.SqlScriptsTestExecutionListener@758705fa, org.springframework.test.context.event.EventPublishingTestExecutionListener@ebaa6cb, org.springframework.boot.test.autoconfigure.restdocs.RestDocsTestExecutionListener@906d29b, org.springframework.boot.test.autoconfigure.web.client.MockRestServiceServerResetTestExecutionListener@49d3c823, org.springframework.boot.test.autoconfigure.web.servlet.MockMvcPrintOnlyOnFailureTestExecutionListener@436bc36, org.springframework.boot.test.autoconfigure.web.servlet.WebDriverTestExecutionListener@5fe1ce85, org.springframework.boot.test.autoconfigure.webservices.client.MockWebServiceServerTestExecutionListener@604c5de8, org.springframework.boot.test.mock.mockito.ResetMocksTestExecutionListener@37091312]
10:30:50.890 [Test worker] DEBUG org.springframework.test.context.support.AbstractDirtiesContextTestExecutionListener - Before test class: context [DefaultTestContext@1e8ce150 testClass = UserManagementIntegrationTest, testInstance = [null], testMethod = [null], testException = [null], mergedContextConfiguration = [WebMergedContextConfiguration@604f2bd2 testClass = UserManagementIntegrationTest, locations = '{}', classes = '{class com.ey.test.UserManagementApplication}', contextInitializerClasses = '[]', activeProfiles = '{}', propertySourceLocations = '{}', propertySourceProperties = '{org.springframework.boot.test.context.SpringBootTestContextBootstrapper=true}', contextCustomizers = set[org.springframework.boot.test.autoconfigure.actuate.metrics.MetricsExportContextCustomizerFactory$DisableMetricExportContextCustomizer@38af9828, org.springframework.boot.test.autoconfigure.properties.PropertyMappingContextCustomizer@0, org.springframework.boot.test.autoconfigure.web.servlet.WebDriverContextCustomizerFactory$Customizer@81d9a72, org.springframework.boot.test.context.filter.ExcludeFilterContextCustomizer@70e38ce1, org.springframework.boot.test.json.DuplicateJsonObjectContextCustomizerFactory$DuplicateJsonObjectContextCustomizer@1787f2a0, org.springframework.boot.test.mock.mockito.MockitoContextCustomizer@29f8a630, org.springframework.boot.test.web.client.TestRestTemplateContextCustomizer@14f232c4, org.springframework.boot.test.context.SpringBootTestArgs@1, org.springframework.boot.test.context.SpringBootTestWebEnvironment@72d1ad2e], resourceBasePath = 'src/main/webapp', contextLoader = 'org.springframework.boot.test.context.SpringBootContextLoader', parent = [null]], attributes = map['org.springframework.test.context.web.ServletTestExecutionListener.activateListener' -> true]], class annotated with @DirtiesContext [false] with mode [null].

  .   ____          _            __ _ _
 /\\ / ___'_ __ _ _(_)_ __  __ _ \ \ \ \
( ( )\___ | '_ | '_| | '_ \/ _` | \ \ \ \
 \\/  ___)| |_)| | | | | || (_| |  ) ) ) )
  '  |____| .__|_| |_|_| |_\__, | / / / /
 =========|_|==============|___/=/_/_/_/
 :: Spring Boot ::                (v2.7.1)

2022-07-25 10:30:51.407  INFO 15516 --- [    Test worker] c.e.t.i.UserManagementIntegrationTest    : Starting UserManagementIntegrationTest using Java 1.8.0_322 on DESKTOP-19G9KKD with PID 15516 (started by admin in C:\Users\admin\OneDrive\Escritorio\Prueba EY & Global Logic para BCI\Prueba EY)
2022-07-25 10:30:51.410  INFO 15516 --- [    Test worker] c.e.t.i.UserManagementIntegrationTest    : No active profile set, falling back to 1 default profile: "default"
2022-07-25 10:30:53.309  INFO 15516 --- [    Test worker] .s.d.r.c.RepositoryConfigurationDelegate : Bootstrapping Spring Data JPA repositories in DEFAULT mode.
2022-07-25 10:30:53.531  INFO 15516 --- [    Test worker] .s.d.r.c.RepositoryConfigurationDelegate : Finished Spring Data repository scanning in 202 ms. Found 2 JPA repository interfaces.
2022-07-25 10:30:56.004  INFO 15516 --- [    Test worker] o.hibernate.jpa.internal.util.LogHelper  : HHH000204: Processing PersistenceUnitInfo [name: default]
2022-07-25 10:30:56.176  INFO 15516 --- [    Test worker] org.hibernate.Version                    : HHH000412: Hibernate ORM core version 5.6.9.Final
2022-07-25 10:30:56.266  INFO 15516 --- [    Test worker] o.hibernate.annotations.common.Version   : HCANN000001: Hibernate Commons Annotations {5.1.2.Final}
2022-07-25 10:30:56.431  INFO 15516 --- [    Test worker] com.zaxxer.hikari.HikariDataSource       : HikariPool-1 - Starting...
2022-07-25 10:30:56.794  INFO 15516 --- [    Test worker] com.zaxxer.hikari.HikariDataSource       : HikariPool-1 - Start completed.
2022-07-25 10:30:56.847  INFO 15516 --- [    Test worker] org.hibernate.dialect.Dialect            : HHH000400: Using dialect: org.hibernate.dialect.H2Dialect
2022-07-25 10:30:57.946  INFO 15516 --- [    Test worker] o.h.e.t.j.p.i.JtaPlatformInitiator       : HHH000490: Using JtaPlatform implementation: [org.hibernate.engine.transaction.jta.platform.internal.NoJtaPlatform]
2022-07-25 10:30:57.967  INFO 15516 --- [    Test worker] j.LocalContainerEntityManagerFactoryBean : Initialized JPA EntityManagerFactory for persistence unit 'default'
2022-07-25 10:30:58.425  WARN 15516 --- [    Test worker] JpaBaseConfiguration$JpaWebConfiguration : spring.jpa.open-in-view is enabled by default. Therefore, database queries may be performed during view rendering. Explicitly configure spring.jpa.open-in-view to disable this warning
2022-07-25 10:30:59.036  INFO 15516 --- [    Test worker] o.s.b.a.h2.H2ConsoleAutoConfiguration    : H2 console available at '/h2-console'. Database available at 'jdbc:h2:mem:testdb'
2022-07-25 10:30:59.650  WARN 15516 --- [    Test worker] .b.a.g.t.GroovyTemplateAutoConfiguration : Cannot find template location: classpath:/templates/ (please add some templates, check your Groovy configuration, or set spring.groovy.template.check-template-location=false)
2022-07-25 10:31:00.856  INFO 15516 --- [    Test worker] c.e.t.i.UserManagementIntegrationTest    : Started UserManagementIntegrationTest in 9.893 seconds (JVM running for 12.283)
]]></system-out>
  <system-err><![CDATA[]]></system-err>
</testsuite>
